
> backend-api@0.1.0 build
> prisma generate && next build

Environment variables loaded from .env
Prisma schema loaded from prisma\schema.prisma

✔ Generated Prisma Client (v6.19.2) to .\node_modules\.prisma\client in 138ms

Start by importing your Prisma Client (See: https://pris.ly/d/importing-client)

Tip: Interested in query caching in just a few lines of code? Try Accelerate today! https://pris.ly/tip-3-accelerate

   ▲ Next.js 15.3.2
   - Environments: .env.local, .env

   Creating an optimized production build ...
 ✓ Compiled successfully in 2000ms
   Linting and checking validity of types ...
Failed to compile.

./src/app/membership/purchase/[membershipType]/page.tsx:263:19
Type error: Type '{ name: any; email: any; address: string; }' is missing the following properties from type '{ name: string; email: string; companyName: string; designation: string; address: string; memberId: string; }': companyName, designation, memberId

[0m [90m 261 |[39m                   orderId[33m=[39m{invoiceData[33m.[39minvoiceNumber [33m?[39m [32m`IGLA${10000 + invoiceData.invoiceNumber}`[39m [33m:[39m invoiceData[33m.[39mid}[0m
[0m [90m 262 |[39m                   date[33m=[39m{invoiceData[33m.[39mcreatedAt [33m||[39m [36mnew[39m [33mDate[39m()}[0m
[0m[31m[1m>[22m[39m[90m 263 |[39m                   customerDetails[33m=[39m{{[0m
[0m [90m     |[39m                   [31m[1m^[22m[39m[0m
[0m [90m 264 |[39m                     name[33m:[39m user[33m?[39m[33m.[39mname [33m||[39m user[33m?[39m[33m.[39memail [33m||[39m [32m'Valued Customer'[39m[33m,[39m[0m
[0m [90m 265 |[39m                     email[33m:[39m user[33m?[39m[33m.[39memail [33m||[39m [32m''[39m[33m,[39m[0m
[0m [90m 266 |[39m                     address[33m:[39m companyName[0m
Next.js build worker exited with code: 1 and signal: null
